<?xml version="1.0" encoding="UTF-8"?>
<testsuite name="com.promotick.DemoPromotickBackApplicationTests" tests="1" skipped="0" failures="0" errors="0" timestamp="2023-12-16T06:21:53" hostname="cmisaico-Prestige-14Evo-A11M" time="0.088">
  <properties/>
  <testcase name="contextLoads()" classname="com.promotick.DemoPromotickBackApplicationTests" time="0.088"/>
  <system-out><![CDATA[01:21:46.323 [Test worker] DEBUG org.springframework.test.context.BootstrapUtils - Instantiating CacheAwareContextLoaderDelegate from class [org.springframework.test.context.cache.DefaultCacheAwareContextLoaderDelegate]
01:21:46.329 [Test worker] DEBUG org.springframework.test.context.BootstrapUtils - Instantiating BootstrapContext using constructor [public org.springframework.test.context.support.DefaultBootstrapContext(java.lang.Class,org.springframework.test.context.CacheAwareContextLoaderDelegate)]
01:21:46.346 [Test worker] DEBUG org.springframework.test.context.BootstrapUtils - Instantiating TestContextBootstrapper for test class [com.promotick.DemoPromotickBackApplicationTests] from class [org.springframework.boot.test.context.SpringBootTestContextBootstrapper]
01:21:46.351 [Test worker] INFO org.springframework.boot.test.context.SpringBootTestContextBootstrapper - Neither @ContextConfiguration nor @ContextHierarchy found for test class [com.promotick.DemoPromotickBackApplicationTests], using SpringBootContextLoader
01:21:46.353 [Test worker] DEBUG org.springframework.test.context.support.AbstractContextLoader - Did not detect default resource location for test class [com.promotick.DemoPromotickBackApplicationTests]: class path resource [com/promotick/DemoPromotickBackApplicationTests-context.xml] does not exist
01:21:46.353 [Test worker] DEBUG org.springframework.test.context.support.AbstractContextLoader - Did not detect default resource location for test class [com.promotick.DemoPromotickBackApplicationTests]: class path resource [com/promotick/DemoPromotickBackApplicationTestsContext.groovy] does not exist
01:21:46.353 [Test worker] INFO org.springframework.test.context.support.AbstractContextLoader - Could not detect default resource locations for test class [com.promotick.DemoPromotickBackApplicationTests]: no resource found for suffixes {-context.xml, Context.groovy}.
01:21:46.353 [Test worker] INFO org.springframework.test.context.support.AnnotationConfigContextLoaderUtils - Could not detect default configuration classes for test class [com.promotick.DemoPromotickBackApplicationTests]: DemoPromotickBackApplicationTests does not declare any static, non-private, non-final, nested classes annotated with @Configuration.
01:21:46.373 [Test worker] DEBUG org.springframework.test.context.support.ActiveProfilesUtils - Could not find an 'annotation declaring class' for annotation type [org.springframework.test.context.ActiveProfiles] and class [com.promotick.DemoPromotickBackApplicationTests]
01:21:46.402 [Test worker] DEBUG org.springframework.context.annotation.ClassPathScanningCandidateComponentProvider - Identified candidate component class: file [/home/cmisaico/Documents/Proyectos/demo-promotick/demo-promotick-back/build/classes/java/main/com/promotick/DemoPromotickBackApplication.class]
01:21:46.403 [Test worker] INFO org.springframework.boot.test.context.SpringBootTestContextBootstrapper - Found @SpringBootConfiguration com.promotick.DemoPromotickBackApplication for test class com.promotick.DemoPromotickBackApplicationTests
01:21:46.449 [Test worker] DEBUG org.springframework.boot.test.context.SpringBootTestContextBootstrapper - @TestExecutionListeners is not present for class [com.promotick.DemoPromotickBackApplicationTests]: using defaults.
01:21:46.450 [Test worker] INFO org.springframework.boot.test.context.SpringBootTestContextBootstrapper - Loaded default TestExecutionListener class names from location [META-INF/spring.factories]: [org.springframework.boot.test.autoconfigure.restdocs.RestDocsTestExecutionListener, org.springframework.boot.test.autoconfigure.web.client.MockRestServiceServerResetTestExecutionListener, org.springframework.boot.test.autoconfigure.web.servlet.MockMvcPrintOnlyOnFailureTestExecutionListener, org.springframework.boot.test.autoconfigure.web.servlet.WebDriverTestExecutionListener, org.springframework.boot.test.autoconfigure.webservices.client.MockWebServiceServerTestExecutionListener, org.springframework.boot.test.mock.mockito.MockitoTestExecutionListener, org.springframework.boot.test.mock.mockito.ResetMocksTestExecutionListener, org.springframework.test.context.web.ServletTestExecutionListener, org.springframework.test.context.support.DirtiesContextBeforeModesTestExecutionListener, org.springframework.test.context.event.ApplicationEventsTestExecutionListener, org.springframework.test.context.support.DependencyInjectionTestExecutionListener, org.springframework.test.context.support.DirtiesContextTestExecutionListener, org.springframework.test.context.transaction.TransactionalTestExecutionListener, org.springframework.test.context.jdbc.SqlScriptsTestExecutionListener, org.springframework.test.context.event.EventPublishingTestExecutionListener]
01:21:46.461 [Test worker] INFO org.springframework.boot.test.context.SpringBootTestContextBootstrapper - Using TestExecutionListeners: [org.springframework.test.context.web.ServletTestExecutionListener@51c929ae, org.springframework.test.context.support.DirtiesContextBeforeModesTestExecutionListener@3c8bdd5b, org.springframework.test.context.event.ApplicationEventsTestExecutionListener@29d2d081, org.springframework.boot.test.mock.mockito.MockitoTestExecutionListener@40e4ea87, org.springframework.boot.test.autoconfigure.SpringBootDependencyInjectionTestExecutionListener@58783f6c, org.springframework.test.context.support.DirtiesContextTestExecutionListener@3a7b503d, org.springframework.test.context.transaction.TransactionalTestExecutionListener@512d92b, org.springframework.test.context.jdbc.SqlScriptsTestExecutionListener@62c5bbdc, org.springframework.test.context.event.EventPublishingTestExecutionListener@7bdf6bb7, org.springframework.boot.test.autoconfigure.restdocs.RestDocsTestExecutionListener@1bc53649, org.springframework.boot.test.autoconfigure.web.client.MockRestServiceServerResetTestExecutionListener@88d6f9b, org.springframework.boot.test.autoconfigure.web.servlet.MockMvcPrintOnlyOnFailureTestExecutionListener@47d93e0d, org.springframework.boot.test.autoconfigure.web.servlet.WebDriverTestExecutionListener@475b7792, org.springframework.boot.test.autoconfigure.webservices.client.MockWebServiceServerTestExecutionListener@751e664e, org.springframework.boot.test.mock.mockito.ResetMocksTestExecutionListener@160c3ec1]
01:21:46.463 [Test worker] DEBUG org.springframework.test.context.support.AbstractDirtiesContextTestExecutionListener - Before test class: context [DefaultTestContext@2c22a348 testClass = DemoPromotickBackApplicationTests, testInstance = [null], testMethod = [null], testException = [null], mergedContextConfiguration = [WebMergedContextConfiguration@7bd69e82 testClass = DemoPromotickBackApplicationTests, locations = '{}', classes = '{class com.promotick.DemoPromotickBackApplication}', contextInitializerClasses = '[]', activeProfiles = '{}', propertySourceLocations = '{}', propertySourceProperties = '{org.springframework.boot.test.context.SpringBootTestContextBootstrapper=true}', contextCustomizers = set[org.springframework.boot.test.autoconfigure.actuate.metrics.MetricsExportContextCustomizerFactory$DisableMetricExportContextCustomizer@207b8649, org.springframework.boot.test.autoconfigure.properties.PropertyMappingContextCustomizer@0, org.springframework.boot.test.autoconfigure.web.servlet.WebDriverContextCustomizerFactory$Customizer@1f2f9244, org.springframework.boot.test.context.filter.ExcludeFilterContextCustomizer@758c83d8, org.springframework.boot.test.json.DuplicateJsonObjectContextCustomizerFactory$DuplicateJsonObjectContextCustomizer@19ae6bb, org.springframework.boot.test.mock.mockito.MockitoContextCustomizer@0, org.springframework.boot.test.web.client.TestRestTemplateContextCustomizer@3fffff43, org.springframework.boot.test.context.SpringBootTestArgs@1, org.springframework.boot.test.context.SpringBootTestWebEnvironment@609bcfb6], resourceBasePath = 'src/main/webapp', contextLoader = 'org.springframework.boot.test.context.SpringBootContextLoader', parent = [null]], attributes = map['org.springframework.test.context.web.ServletTestExecutionListener.activateListener' -> true]], class annotated with @DirtiesContext [false] with mode [null].
01:21:46.481 [Test worker] DEBUG org.springframework.test.context.support.TestPropertySourceUtils - Adding inlined properties to environment: {spring.jmx.enabled=false, org.springframework.boot.test.context.SpringBootTestContextBootstrapper=true}

  .   ____          _            __ _ _
 /\\ / ___'_ __ _ _(_)_ __  __ _ \ \ \ \
( ( )\___ | '_ | '_| | '_ \/ _` | \ \ \ \
 \\/  ___)| |_)| | | | | || (_| |  ) ) ) )
  '  |____| .__|_| |_|_| |_\__, | / / / /
 =========|_|==============|___/=/_/_/_/
 :: Spring Boot ::                (v2.5.4)

2023-12-16 01:21:46.672  INFO 354106 --- [    Test worker] c.p.DemoPromotickBackApplicationTests    : Starting DemoPromotickBackApplicationTests using Java 17.0.9 on cmisaico-Prestige-14Evo-A11M with PID 354106 (started by cmisaico in /home/cmisaico/Documents/Proyectos/demo-promotick/demo-promotick-back)
2023-12-16 01:21:46.674  INFO 354106 --- [    Test worker] c.p.DemoPromotickBackApplicationTests    : No active profile set, falling back to default profiles: default
2023-12-16 01:21:47.063  INFO 354106 --- [    Test worker] .s.d.r.c.RepositoryConfigurationDelegate : Bootstrapping Spring Data JPA repositories in DEFAULT mode.
2023-12-16 01:21:47.094  INFO 354106 --- [    Test worker] .s.d.r.c.RepositoryConfigurationDelegate : Finished Spring Data repository scanning in 27 ms. Found 4 JPA repository interfaces.
2023-12-16 01:21:47.421  INFO 354106 --- [    Test worker] o.hibernate.jpa.internal.util.LogHelper  : HHH000204: Processing PersistenceUnitInfo [name: default]
2023-12-16 01:21:47.447  INFO 354106 --- [    Test worker] org.hibernate.Version                    : HHH000412: Hibernate ORM core version 5.4.32.Final
2023-12-16 01:21:47.515  INFO 354106 --- [    Test worker] o.hibernate.annotations.common.Version   : HCANN000001: Hibernate Commons Annotations {5.1.2.Final}
2023-12-16 01:21:47.566  INFO 354106 --- [    Test worker] com.zaxxer.hikari.HikariDataSource       : HikariPool-1 - Starting...
2023-12-16 01:21:49.632  INFO 354106 --- [    Test worker] com.zaxxer.hikari.HikariDataSource       : HikariPool-1 - Start completed.
2023-12-16 01:21:49.650  INFO 354106 --- [    Test worker] org.hibernate.dialect.Dialect            : HHH000400: Using dialect: org.hibernate.dialect.MySQL8Dialect
2023-12-16 01:21:52.470  INFO 354106 --- [    Test worker] o.h.e.t.j.p.i.JtaPlatformInitiator       : HHH000490: Using JtaPlatform implementation: [org.hibernate.engine.transaction.jta.platform.internal.NoJtaPlatform]
2023-12-16 01:21:52.482  INFO 354106 --- [    Test worker] j.LocalContainerEntityManagerFactoryBean : Initialized JPA EntityManagerFactory for persistence unit 'default'
2023-12-16 01:21:52.958  INFO 354106 --- [    Test worker] o.s.s.web.DefaultSecurityFilterChain     : Will secure any request with [org.springframework.security.web.context.request.async.WebAsyncManagerIntegrationFilter@5c59dfc7, org.springframework.security.web.context.SecurityContextPersistenceFilter@df34b01, org.springframework.security.web.header.HeaderWriterFilter@1fc4b8d6, org.springframework.security.web.authentication.logout.LogoutFilter@1c618295, com.promotick.utils.JwtAuthorizationFilter@6c3884f5, org.springframework.security.web.savedrequest.RequestCacheAwareFilter@46bff388, org.springframework.security.web.servletapi.SecurityContextHolderAwareRequestFilter@5058fefb, org.springframework.security.web.authentication.AnonymousAuthenticationFilter@40ed4674, org.springframework.security.web.session.SessionManagementFilter@6ae5e1cf, org.springframework.security.web.access.ExceptionTranslationFilter@3013e1e8, org.springframework.security.web.access.intercept.FilterSecurityInterceptor@2df24f19]
2023-12-16 01:21:53.056  WARN 354106 --- [    Test worker] JpaBaseConfiguration$JpaWebConfiguration : spring.jpa.open-in-view is enabled by default. Therefore, database queries may be performed during view rendering. Explicitly configure spring.jpa.open-in-view to disable this warning
2023-12-16 01:21:53.275  INFO 354106 --- [    Test worker] c.p.DemoPromotickBackApplicationTests    : Started DemoPromotickBackApplicationTests in 6.789 seconds (JVM running for 7.413)
]]></system-out>
  <system-err><![CDATA[]]></system-err>
</testsuite>
